<?xml version="1.0" encoding="UTF-8"?>
<!-- Generated by org.testng.reporters.JUnitXMLReporter -->
<testsuite ignored="0" hostname="LAPTOP-2TG6AQHM" failures="0" tests="3" name="Default test" time="8.659" errors="0" timestamp="2022-04-20T22:08:39 IST">
  <testcase classname="org.flipcart.iphone.FlipCartiPhones" name="CloseWindowPOM" time="0.138"/>
  <testcase classname="org.flipcart.iphone.FlipCartiPhones" name="SearchPhonePOM" time="0.116"/>
  <testcase classname="org.flipcart.iphone.FlipCartiPhones" name="printiPhones" time="1.388"/>
</testsuite> <!-- Default test -->
