<?xml version="1.0" encoding="UTF-8"?>
<!-- Generated by org.testng.reporters.JUnitXMLReporter -->
<testsuite ignored="0" hostname="LAPTOP-2TG6AQHM" failures="0" tests="4" name="Test2" time="19.365" errors="0" timestamp="2022-04-07T07:15:17 IST">
  <testcase classname="org.parallel.execution.CrossTestAdactinHotel" name="LoginPOM" time="2.463"/>
  <testcase classname="org.parallel.execution.CrossTestAdactinHotel" name="RoomBooking" time="0.878"/>
  <testcase classname="org.parallel.execution.CrossTestAdactinHotel" name="SelectHotel" time="0.909"/>
  <testcase classname="org.parallel.execution.CrossTestAdactinHotel" name="BookHotel" time="7.429"/>
</testsuite> <!-- Test2 -->
