<?xml version="1.0" encoding="UTF-8"?>
<!-- Generated by org.testng.reporters.JUnitXMLReporter -->
<testsuite ignored="0" hostname="LAPTOP-2TG6AQHM" failures="0" tests="4" name="Test1" time="16.495" errors="0" timestamp="2022-04-07T07:14:58 IST">
  <testcase classname="org.parallel.execution.CrossTestAdactinHotel" name="LoginPOM" time="2.297"/>
  <testcase classname="org.parallel.execution.CrossTestAdactinHotel" name="RoomBooking" time="1.479"/>
  <testcase classname="org.parallel.execution.CrossTestAdactinHotel" name="SelectHotel" time="0.827"/>
  <testcase classname="org.parallel.execution.CrossTestAdactinHotel" name="BookHotel" time="7.007"/>
</testsuite> <!-- Test1 -->
