<?xml version="1.0" encoding="UTF-8"?>
<!-- Generated by org.testng.reporters.JUnitXMLReporter -->
<testsuite ignored="0" hostname="LAPTOP-2TG6AQHM" failures="0" tests="4" name="Test" time="19.812" errors="0" timestamp="2022-04-06T19:31:56 IST">
  <testcase classname="org.parallel.execution.CrossTestAdactinHotel" name="LoginPOM" time="3.179"/>
  <testcase classname="org.parallel.execution.CrossTestAdactinHotel" name="RoomBooking" time="0.882"/>
  <testcase classname="org.parallel.execution.CrossTestAdactinHotel" name="SelectHotel" time="0.629"/>
  <testcase classname="org.parallel.execution.CrossTestAdactinHotel" name="BookHotel" time="5.909"/>
</testsuite> <!-- Test -->
