<?xml version="1.0" encoding="UTF-8"?>
<!-- Generated by org.testng.reporters.JUnitXMLReporter -->
<testsuite ignored="0" hostname="LAPTOP-2TG6AQHM" failures="0" tests="4" name="Test3" time="20.512" errors="0" timestamp="2022-04-07T07:15:38 IST">
  <testcase classname="org.parallel.execution.CrossTestAdactinHotel" name="LoginPOM" time="2.901"/>
  <testcase classname="org.parallel.execution.CrossTestAdactinHotel" name="RoomBooking" time="1.388"/>
  <testcase classname="org.parallel.execution.CrossTestAdactinHotel" name="SelectHotel" time="0.773"/>
  <testcase classname="org.parallel.execution.CrossTestAdactinHotel" name="BookHotel" time="6.774"/>
</testsuite> <!-- Test3 -->
