<?xml version="1.0" encoding="UTF-8"?>
<testng-results ignored="0" total="3" passed="3" failed="0" skipped="0">
  <reporter-output>
  </reporter-output>
  <suite started-at="2022-04-20T22:08:30 IST" name="Default suite" finished-at="2022-04-20T22:08:39 IST" duration-ms="8659">
    <groups>
    </groups>
    <test started-at="2022-04-20T22:08:30 IST" name="Default test" finished-at="2022-04-20T22:08:39 IST" duration-ms="8659">
      <class name="org.flipcart.iphone.FlipCartiPhones">
        <test-method is-config="true" signature="beforeClass()[pri:0, instance:org.flipcart.iphone.FlipCartiPhones@194bcebf]" started-at="2022-04-20T22:08:31 IST" name="beforeClass" finished-at="2022-04-20T22:08:37 IST" duration-ms="6980" status="PASS">
          <reporter-output>
          </reporter-output>
        </test-method> <!-- beforeClass -->
        <test-method signature="CloseWindowPOM()[pri:1, instance:org.flipcart.iphone.FlipCartiPhones@194bcebf]" started-at="2022-04-20T22:08:37 IST" name="CloseWindowPOM" finished-at="2022-04-20T22:08:38 IST" duration-ms="138" status="PASS">
          <reporter-output>
          </reporter-output>
        </test-method> <!-- CloseWindowPOM -->
        <test-method signature="SearchPhonePOM()[pri:2, instance:org.flipcart.iphone.FlipCartiPhones@194bcebf]" started-at="2022-04-20T22:08:38 IST" name="SearchPhonePOM" finished-at="2022-04-20T22:08:38 IST" duration-ms="116" status="PASS">
          <reporter-output>
          </reporter-output>
        </test-method> <!-- SearchPhonePOM -->
        <test-method signature="printiPhones()[pri:3, instance:org.flipcart.iphone.FlipCartiPhones@194bcebf]" started-at="2022-04-20T22:08:38 IST" name="printiPhones" finished-at="2022-04-20T22:08:39 IST" duration-ms="1388" status="PASS">
          <reporter-output>
          </reporter-output>
        </test-method> <!-- printiPhones -->
      </class> <!-- org.flipcart.iphone.FlipCartiPhones -->
    </test> <!-- Default test -->
  </suite> <!-- Default suite -->
</testng-results>
